<?xml version="1.0" encoding="UTF-8"?>
<testsuite name="com.example.ex01.repository.MemoRepositoryTests" tests="1" skipped="0" failures="0" errors="0" timestamp="2024-05-25T13:06:54" hostname="nyongs-Mac.local" time="0.504">
  <properties/>
  <testcase name="testPaging()" classname="com.example.ex01.repository.MemoRepositoryTests" time="0.504"/>
  <system-out><![CDATA[22:06:51.770 [Test worker] INFO org.springframework.test.context.support.AnnotationConfigContextLoaderUtils -- Could not detect default configuration classes for test class [com.example.ex01.repository.MemoRepositoryTests]: MemoRepositoryTests does not declare any static, non-private, non-final, nested classes annotated with @Configuration.
22:06:51.831 [Test worker] INFO org.springframework.boot.test.context.SpringBootTestContextBootstrapper -- Found @SpringBootConfiguration com.example.ex01.Ex01Application for test class com.example.ex01.repository.MemoRepositoryTests

  .   ____          _            __ _ _
 /\\ / ___'_ __ _ _(_)_ __  __ _ \ \ \ \
( ( )\___ | '_ | '_| | '_ \/ _` | \ \ \ \
 \\/  ___)| |_)| | | | | || (_| |  ) ) ) )
  '  |____| .__|_| |_|_| |_\__, | / / / /
 =========|_|==============|___/=/_/_/_/
 :: Spring Boot ::                (v3.2.5)

2024-05-25T22:06:52.070+09:00  INFO 1454 --- [ex01] [    Test worker] c.e.ex01.repository.MemoRepositoryTests  : Starting MemoRepositoryTests using Java 17.0.10 with PID 1454 (started by kimjinyoung in /Users/kimjinyoung/SpringBootWork/ex01)
2024-05-25T22:06:52.071+09:00  INFO 1454 --- [ex01] [    Test worker] c.e.ex01.repository.MemoRepositoryTests  : No active profile set, falling back to 1 default profile: "default"
2024-05-25T22:06:52.438+09:00  INFO 1454 --- [ex01] [    Test worker] .s.d.r.c.RepositoryConfigurationDelegate : Bootstrapping Spring Data JPA repositories in DEFAULT mode.
2024-05-25T22:06:52.468+09:00  INFO 1454 --- [ex01] [    Test worker] .s.d.r.c.RepositoryConfigurationDelegate : Finished Spring Data repository scanning in 25 ms. Found 1 JPA repository interface.
2024-05-25T22:06:52.729+09:00  INFO 1454 --- [ex01] [    Test worker] o.hibernate.jpa.internal.util.LogHelper  : HHH000204: Processing PersistenceUnitInfo [name: default]
2024-05-25T22:06:52.763+09:00  INFO 1454 --- [ex01] [    Test worker] org.hibernate.Version                    : HHH000412: Hibernate ORM core version 6.4.4.Final
2024-05-25T22:06:52.784+09:00  INFO 1454 --- [ex01] [    Test worker] o.h.c.internal.RegionFactoryInitiator    : HHH000026: Second-level cache disabled
2024-05-25T22:06:52.928+09:00  INFO 1454 --- [ex01] [    Test worker] o.s.o.j.p.SpringPersistenceUnitInfo      : No LoadTimeWeaver setup: ignoring JPA class transformer
2024-05-25T22:06:52.945+09:00  INFO 1454 --- [ex01] [    Test worker] com.zaxxer.hikari.HikariDataSource       : HikariPool-1 - Starting...
2024-05-25T22:06:53.049+09:00  INFO 1454 --- [ex01] [    Test worker] com.zaxxer.hikari.pool.HikariPool        : HikariPool-1 - Added connection com.mysql.cj.jdbc.ConnectionImpl@1cc41b77
2024-05-25T22:06:53.050+09:00  INFO 1454 --- [ex01] [    Test worker] com.zaxxer.hikari.HikariDataSource       : HikariPool-1 - Start completed.
2024-05-25T22:06:53.085+09:00  WARN 1454 --- [ex01] [    Test worker] org.hibernate.orm.deprecation            : HHH90000025: MySQLDialect does not need to be specified explicitly using 'hibernate.dialect' (remove the property setting and it will be selected by default)
2024-05-25T22:06:53.100+09:00 DEBUG 1454 --- [ex01] [    Test worker] o.h.t.d.sql.spi.DdlTypeRegistry          : addDescriptor(12, org.hibernate.type.descriptor.sql.internal.CapacityDependentDdlType@67fac095) replaced previous registration(org.hibernate.type.descriptor.sql.internal.CapacityDependentDdlType@5a13f1f7)
2024-05-25T22:06:53.101+09:00 DEBUG 1454 --- [ex01] [    Test worker] o.h.t.d.sql.spi.DdlTypeRegistry          : addDescriptor(-9, org.hibernate.type.descriptor.sql.internal.CapacityDependentDdlType@5dae5a70) replaced previous registration(org.hibernate.type.descriptor.sql.internal.CapacityDependentDdlType@7686f701)
2024-05-25T22:06:53.101+09:00 DEBUG 1454 --- [ex01] [    Test worker] o.h.t.d.sql.spi.DdlTypeRegistry          : addDescriptor(-3, org.hibernate.type.descriptor.sql.internal.CapacityDependentDdlType@47c96f2c) replaced previous registration(org.hibernate.type.descriptor.sql.internal.CapacityDependentDdlType@210a26b)
2024-05-25T22:06:53.101+09:00 DEBUG 1454 --- [ex01] [    Test worker] o.h.t.d.sql.spi.DdlTypeRegistry          : addDescriptor(4003, org.hibernate.type.descriptor.sql.internal.DdlTypeImpl@2dc21583) replaced previous registration(org.hibernate.type.descriptor.sql.internal.DdlTypeImpl@6cbdd1c5)
2024-05-25T22:06:53.101+09:00 DEBUG 1454 --- [ex01] [    Test worker] o.h.t.d.sql.spi.DdlTypeRegistry          : addDescriptor(4001, org.hibernate.type.descriptor.sql.internal.DdlTypeImpl@60816371) replaced previous registration(org.hibernate.type.descriptor.sql.internal.DdlTypeImpl@678586f0)
2024-05-25T22:06:53.101+09:00 DEBUG 1454 --- [ex01] [    Test worker] o.h.t.d.sql.spi.DdlTypeRegistry          : addDescriptor(4002, org.hibernate.type.descriptor.sql.internal.DdlTypeImpl@5ad6f98e) replaced previous registration(org.hibernate.type.descriptor.sql.internal.DdlTypeImpl@586728e8)
2024-05-25T22:06:53.101+09:00 DEBUG 1454 --- [ex01] [    Test worker] o.h.t.d.sql.spi.DdlTypeRegistry          : addDescriptor(2004, org.hibernate.type.descriptor.sql.internal.CapacityDependentDdlType@3316527e) replaced previous registration(org.hibernate.type.descriptor.sql.internal.DdlTypeImpl@786ff0ea)
2024-05-25T22:06:53.101+09:00 DEBUG 1454 --- [ex01] [    Test worker] o.h.t.d.sql.spi.DdlTypeRegistry          : addDescriptor(2005, org.hibernate.type.descriptor.sql.internal.CapacityDependentDdlType@15186ce0) replaced previous registration(org.hibernate.type.descriptor.sql.internal.DdlTypeImpl@745926c3)
2024-05-25T22:06:53.102+09:00 DEBUG 1454 --- [ex01] [    Test worker] o.h.t.d.sql.spi.DdlTypeRegistry          : addDescriptor(2011, org.hibernate.type.descriptor.sql.internal.CapacityDependentDdlType@75dd0f94) replaced previous registration(org.hibernate.type.descriptor.sql.internal.DdlTypeImpl@72324965)
2024-05-25T22:06:53.585+09:00  INFO 1454 --- [ex01] [    Test worker] o.h.e.t.j.p.i.JtaPlatformInitiator       : HHH000489: No JTA platform available (set 'hibernate.transaction.jta.platform' to enable JTA platform integration)
2024-05-25T22:06:53.619+09:00  INFO 1454 --- [ex01] [    Test worker] j.LocalContainerEntityManagerFactoryBean : Initialized JPA EntityManagerFactory for persistence unit 'default'
2024-05-25T22:06:53.715+09:00  WARN 1454 --- [ex01] [    Test worker] JpaBaseConfiguration$JpaWebConfiguration : spring.jpa.open-in-view is enabled by default. Therefore, database queries may be performed during view rendering. Explicitly configure spring.jpa.open-in-view to disable this warning
2024-05-25T22:06:54.075+09:00  INFO 1454 --- [ex01] [    Test worker] c.e.ex01.repository.MemoRepositoryTests  : Started MemoRepositoryTests in 2.15 seconds (process running for 2.846)
Hibernate: 
    select
        m1_0.mno,
        m1_0.memo_text 
    from
        tbl_memo m1_0 
    order by
        m1_0.mno desc 
    limit
        ?, ?
Hibernate: 
    select
        count(m1_0.mno) 
    from
        tbl_memo m1_0
--------------------------
]]></system-out>
  <system-err><![CDATA[]]></system-err>
</testsuite>
