<?xml version="1.0" encoding="UTF-8"?>
<testsuite name="com.example.ex01.repository.MemoRepositoryTests" tests="1" skipped="0" failures="0" errors="0" timestamp="2024-05-21T15:10:07" hostname="nyongs-Mac.local" time="0.447">
  <properties/>
  <testcase name="삭제 작업" classname="com.example.ex01.repository.MemoRepositoryTests" time="0.447"/>
  <system-out><![CDATA[00:10:05.329 [Test worker] INFO org.springframework.test.context.support.AnnotationConfigContextLoaderUtils -- Could not detect default configuration classes for test class [com.example.ex01.repository.MemoRepositoryTests]: MemoRepositoryTests does not declare any static, non-private, non-final, nested classes annotated with @Configuration.
00:10:05.396 [Test worker] INFO org.springframework.boot.test.context.SpringBootTestContextBootstrapper -- Found @SpringBootConfiguration com.example.ex01.Ex01Application for test class com.example.ex01.repository.MemoRepositoryTests

  .   ____          _            __ _ _
 /\\ / ___'_ __ _ _(_)_ __  __ _ \ \ \ \
( ( )\___ | '_ | '_| | '_ \/ _` | \ \ \ \
 \\/  ___)| |_)| | | | | || (_| |  ) ) ) )
  '  |____| .__|_| |_|_| |_\__, | / / / /
 =========|_|==============|___/=/_/_/_/
 :: Spring Boot ::                (v3.2.5)

2024-05-22T00:10:05.653+09:00  INFO 2266 --- [ex01] [    Test worker] c.e.ex01.repository.MemoRepositoryTests  : Starting MemoRepositoryTests using Java 17.0.10 with PID 2266 (started by kimjinyoung in /Users/kimjinyoung/SpringBootWork/ex01)
2024-05-22T00:10:05.654+09:00  INFO 2266 --- [ex01] [    Test worker] c.e.ex01.repository.MemoRepositoryTests  : No active profile set, falling back to 1 default profile: "default"
2024-05-22T00:10:06.054+09:00  INFO 2266 --- [ex01] [    Test worker] .s.d.r.c.RepositoryConfigurationDelegate : Bootstrapping Spring Data JPA repositories in DEFAULT mode.
2024-05-22T00:10:06.095+09:00  INFO 2266 --- [ex01] [    Test worker] .s.d.r.c.RepositoryConfigurationDelegate : Finished Spring Data repository scanning in 28 ms. Found 1 JPA repository interface.
2024-05-22T00:10:06.376+09:00  INFO 2266 --- [ex01] [    Test worker] o.hibernate.jpa.internal.util.LogHelper  : HHH000204: Processing PersistenceUnitInfo [name: default]
2024-05-22T00:10:06.415+09:00  INFO 2266 --- [ex01] [    Test worker] org.hibernate.Version                    : HHH000412: Hibernate ORM core version 6.4.4.Final
2024-05-22T00:10:06.438+09:00  INFO 2266 --- [ex01] [    Test worker] o.h.c.internal.RegionFactoryInitiator    : HHH000026: Second-level cache disabled
2024-05-22T00:10:06.594+09:00  INFO 2266 --- [ex01] [    Test worker] o.s.o.j.p.SpringPersistenceUnitInfo      : No LoadTimeWeaver setup: ignoring JPA class transformer
2024-05-22T00:10:06.612+09:00  INFO 2266 --- [ex01] [    Test worker] com.zaxxer.hikari.HikariDataSource       : HikariPool-1 - Starting...
2024-05-22T00:10:06.732+09:00  INFO 2266 --- [ex01] [    Test worker] com.zaxxer.hikari.pool.HikariPool        : HikariPool-1 - Added connection com.mysql.cj.jdbc.ConnectionImpl@6903ed0e
2024-05-22T00:10:06.733+09:00  INFO 2266 --- [ex01] [    Test worker] com.zaxxer.hikari.HikariDataSource       : HikariPool-1 - Start completed.
2024-05-22T00:10:06.768+09:00  WARN 2266 --- [ex01] [    Test worker] org.hibernate.orm.deprecation            : HHH90000025: MySQLDialect does not need to be specified explicitly using 'hibernate.dialect' (remove the property setting and it will be selected by default)
2024-05-22T00:10:06.783+09:00 DEBUG 2266 --- [ex01] [    Test worker] o.h.t.d.sql.spi.DdlTypeRegistry          : addDescriptor(12, org.hibernate.type.descriptor.sql.internal.CapacityDependentDdlType@4fa0ee7e) replaced previous registration(org.hibernate.type.descriptor.sql.internal.CapacityDependentDdlType@202f054f)
2024-05-22T00:10:06.783+09:00 DEBUG 2266 --- [ex01] [    Test worker] o.h.t.d.sql.spi.DdlTypeRegistry          : addDescriptor(-9, org.hibernate.type.descriptor.sql.internal.CapacityDependentDdlType@141bb6b8) replaced previous registration(org.hibernate.type.descriptor.sql.internal.CapacityDependentDdlType@5c8b10b4)
2024-05-22T00:10:06.783+09:00 DEBUG 2266 --- [ex01] [    Test worker] o.h.t.d.sql.spi.DdlTypeRegistry          : addDescriptor(-3, org.hibernate.type.descriptor.sql.internal.CapacityDependentDdlType@1410d645) replaced previous registration(org.hibernate.type.descriptor.sql.internal.CapacityDependentDdlType@4ccdacf5)
2024-05-22T00:10:06.783+09:00 DEBUG 2266 --- [ex01] [    Test worker] o.h.t.d.sql.spi.DdlTypeRegistry          : addDescriptor(4003, org.hibernate.type.descriptor.sql.internal.DdlTypeImpl@5aa6da2) replaced previous registration(org.hibernate.type.descriptor.sql.internal.DdlTypeImpl@1a0d313)
2024-05-22T00:10:06.784+09:00 DEBUG 2266 --- [ex01] [    Test worker] o.h.t.d.sql.spi.DdlTypeRegistry          : addDescriptor(4001, org.hibernate.type.descriptor.sql.internal.DdlTypeImpl@13908f9c) replaced previous registration(org.hibernate.type.descriptor.sql.internal.DdlTypeImpl@329b331f)
2024-05-22T00:10:06.784+09:00 DEBUG 2266 --- [ex01] [    Test worker] o.h.t.d.sql.spi.DdlTypeRegistry          : addDescriptor(4002, org.hibernate.type.descriptor.sql.internal.DdlTypeImpl@640a8f93) replaced previous registration(org.hibernate.type.descriptor.sql.internal.DdlTypeImpl@6335f04a)
2024-05-22T00:10:06.784+09:00 DEBUG 2266 --- [ex01] [    Test worker] o.h.t.d.sql.spi.DdlTypeRegistry          : addDescriptor(2004, org.hibernate.type.descriptor.sql.internal.CapacityDependentDdlType@74ce7fdf) replaced previous registration(org.hibernate.type.descriptor.sql.internal.DdlTypeImpl@1f26b992)
2024-05-22T00:10:06.784+09:00 DEBUG 2266 --- [ex01] [    Test worker] o.h.t.d.sql.spi.DdlTypeRegistry          : addDescriptor(2005, org.hibernate.type.descriptor.sql.internal.CapacityDependentDdlType@2f60cbf2) replaced previous registration(org.hibernate.type.descriptor.sql.internal.DdlTypeImpl@631bc9f4)
2024-05-22T00:10:06.784+09:00 DEBUG 2266 --- [ex01] [    Test worker] o.h.t.d.sql.spi.DdlTypeRegistry          : addDescriptor(2011, org.hibernate.type.descriptor.sql.internal.CapacityDependentDdlType@642c72cf) replaced previous registration(org.hibernate.type.descriptor.sql.internal.DdlTypeImpl@4e6cbdf1)
2024-05-22T00:10:07.286+09:00  INFO 2266 --- [ex01] [    Test worker] o.h.e.t.j.p.i.JtaPlatformInitiator       : HHH000489: No JTA platform available (set 'hibernate.transaction.jta.platform' to enable JTA platform integration)
2024-05-22T00:10:07.315+09:00  INFO 2266 --- [ex01] [    Test worker] j.LocalContainerEntityManagerFactoryBean : Initialized JPA EntityManagerFactory for persistence unit 'default'
2024-05-22T00:10:07.415+09:00  WARN 2266 --- [ex01] [    Test worker] JpaBaseConfiguration$JpaWebConfiguration : spring.jpa.open-in-view is enabled by default. Therefore, database queries may be performed during view rendering. Explicitly configure spring.jpa.open-in-view to disable this warning
2024-05-22T00:10:07.781+09:00  INFO 2266 --- [ex01] [    Test worker] c.e.ex01.repository.MemoRepositoryTests  : Started MemoRepositoryTests in 2.282 seconds (process running for 3.04)
Hibernate: 
    select
        m1_0.mno,
        m1_0.memo_text 
    from
        tbl_memo m1_0 
    where
        m1_0.mno=?
Hibernate: 
    delete 
    from
        tbl_memo 
    where
        mno=?
]]></system-out>
  <system-err><![CDATA[]]></system-err>
</testsuite>
